Client Core K.4 Migration Precheck
Date: 2026-06-20

1. git branch --show-current
main

2. git rev-parse HEAD
f9887608d135b5004e063f936b5414de64e58633

3. git log -1 --oneline
f988760 chore(client-core): use typed seed rpc after 0159 types refresh

4. git status --porcelain (first 50 lines only)
 M .env.example
 D app/auth/demo.tsx
 M app/design-system/components.tsx
 M app/office/appointments/create.tsx
 M docs/architecture/design-system-freeze.md
 M docs/audit/B1e-security-commit-abschlussbericht.md
 M scripts/design-audit.mjs
 M scripts/fetch-remote-types.mjs
 M src/__tests__/accounting/accountingConnect.test.ts
 M src/__tests__/admin/dataQuality.test.ts
 M src/__tests__/admin/tenantOnboarding.test.ts
 M src/__tests__/akademie/akademieCoursesList.test.ts
 M src/__tests__/akademie/akademieCoursesViewToggle.test.ts
 M src/__tests__/akademie/akademieExtensionHeroes.test.ts
 M src/__tests__/akademie/courseDetailHero.test.ts
 M src/__tests__/akademie/coursesLiveDetail.test.ts
 M src/__tests__/arbeitsplan/dedicatedScreens.test.ts
 M src/__tests__/assist/assignmentCompletionChain.test.ts
 M src/__tests__/assist/assignmentCreateForm.test.ts
 M src/__tests__/assist/assignmentWorkflow.test.ts
 M src/__tests__/assist/assistAssignmentsList.test.ts
 M src/__tests__/assist/assistAssignmentsViewToggle.test.ts
 M src/__tests__/assist/assistCalendarEvents.test.ts
 M src/__tests__/assist/assistCalendarHero.test.ts
 M src/__tests__/assist/assistDashboardHero.test.ts
 M src/__tests__/assist/assistExecutionsList.test.ts
 M src/__tests__/assist/assistExecutionsViewToggle.test.ts
 M src/__tests__/assist/assistServiceCatalog.test.ts
 M src/__tests__/assist/assistTaskCatalog.test.ts
 M src/__tests__/assist/assistTrackingList.test.ts
 M src/__tests__/assist/assistTripsList.test.ts
 M src/__tests__/assist/assistTripsViewToggle.test.ts
 M src/__tests__/assist/gpsLocationService.test.ts
 M src/__tests__/assist/liveMonitor.test.ts
 M src/__tests__/assist/qmCockpit.test.ts
 M src/__tests__/assist/routePlanning.test.ts
 M src/__tests__/assist/scheduleCalendar.test.ts
 M src/__tests__/assist/tripsCompleteAndTrackingLive.test.ts
 M src/__tests__/assist/tripsLiveDetail.test.ts
 M src/__tests__/auth/appStartPage.test.ts
 M src/__tests__/auth/authAccessModel.test.ts
 M src/__tests__/auth/clientPortalAccess.test.ts
 M src/__tests__/beratung/beratungCaseDetailHero.test.ts
 M src/__tests__/beratung/beratungCasesList.test.ts
 M src/__tests__/beratung/beratungCasesViewToggle.test.ts
 M src/__tests__/billing/connectBilling.test.ts
 M src/__tests__/billing/freePlatformStrategy.test.ts
 M src/__tests__/billing/pricingModel.test.ts
 M src/__tests__/careBilling/billingCycle.test.ts
 M src/__tests__/careBilling/careBilling.test.ts

5. git merge-base --is-ancestor f988760 HEAD; echo exit:$LASTEXITCODE
exit:0

6. npx supabase migration list 2>&1 | findstr 0159
   0159  | 0159   | 0159       
